{"message":"Starting Manual","level":"info"}
{"message":"Game Server started on port 2567","level":"info"}
{"message":"Starting Manual","level":"info"}
{"message":"Game Server started on port 2567","level":"info"}
{"message":"Starting Manual","level":"info"}
{"message":"Game Server started on port 2567","level":"info"}
{"message":"Starting Manual","level":"info"}
{"message":"Game Server started on port 2567","level":"info"}
{"message":"Starting Manual","level":"info"}
{"message":"Game Server started on port 2567","level":"info"}
{"message":"Starting Manual","level":"info"}
{"message":"Game Server started on port 2567","level":"info"}
{"message":"Starting Manual","level":"info"}
{"message":"Game Server started on port 2567","level":"info"}
{"message":"Starting Manual","level":"info"}
{"message":"Game Server started on port 2567","level":"info"}
{"message":"Starting Manual","level":"info"}
{"message":"Game Server started on port 2567","level":"info"}
{"message":"Starting Manual","level":"info"}
{"message":"Game Server started on port 2567","level":"info"}
{"message":"Starting Manual","level":"info"}
{"message":"Game Server started on port 2567","level":"info"}
{"message":"Starting Manual","level":"info"}
{"message":"Game Server started on port 2567","level":"info"}
{"message":"Starting Manual","level":"info"}
{"message":"Game Server started on port 2567","level":"info"}
{"message":"Starting Manual","level":"info"}
{"message":"Game Server started on port 2567","level":"info"}
{"message":"Starting Manual","level":"info"}
{"message":"Game Server started on port 2567","level":"info"}
{"message":"Starting Manual","level":"info"}
{"message":"Game Server started on port 2567","level":"info"}
{"message":"Starting Manual","level":"info"}
{"message":"Filling player","level":"info"}
{"level":"info","message":"Opening player slot "}
{"message":"Game Server started on port 2567","level":"info"}
{"message":"Resolving slot","level":"info"}
{"message":"Player added","level":"info"}
{"message":"Starting Manual","level":"info"}
{"message":"Asking for player","level":"info"}
{"level":"info","message":"Opening player slot "}
{"message":"Game Server started on port 2567","level":"info"}
{"message":"Asking for player","level":"info"}
{"level":"info","message":"Opening player slot "}
{"message":"Asking for player","level":"info"}
{"level":"info","message":"Opening player slot "}
{"message":"Asking for player","level":"info"}
{"level":"info","message":"Opening player slot "}
{"message":"Asking for player","level":"info"}
{"level":"info","message":"Opening player slot "}
{"message":"Asking for player","level":"info"}
{"level":"info","message":"Opening player slot "}
{"message":"Asking for player","level":"info"}
{"level":"info","message":"Opening player slot "}
{"message":"Asking for player","level":"info"}
{"level":"info","message":"Opening player slot "}
{"message":"Asking for player","level":"info"}
{"level":"info","message":"Opening player slot "}
{"message":"Asking for player","level":"info"}
{"level":"info","message":"Opening player slot "}
{"message":"Asking for player","level":"info"}
{"level":"info","message":"Opening player slot "}
{"message":"Asking for player","level":"info"}
{"level":"info","message":"Opening player slot "}
{"message":"Asking for player","level":"info"}
{"level":"info","message":"Opening player slot "}
{"message":"Asking for player","level":"info"}
{"level":"info","message":"Opening player slot "}
{"message":"Asking for player","level":"info"}
{"level":"info","message":"Opening player slot "}
{"message":"Asking for player","level":"info"}
{"level":"info","message":"Opening player slot "}
{"message":"Asking for player","level":"info"}
{"level":"info","message":"Opening player slot "}
{"message":"Asking for player","level":"info"}
{"level":"info","message":"Opening player slot "}
{"message":"Asking for player","level":"info"}
{"level":"info","message":"Opening player slot "}
{"message":"Resolving slot","level":"info"}
{"message":"Player added","level":"info"}
{"message":"Asking for player","level":"info"}
{"level":"info","message":"Opening player slot "}
{"message":"Asking for player","level":"info"}
{"level":"info","message":"Opening player slot "}
{"message":"Starting pong","level":"info"}
{"message":"Asking for player","level":"info"}
{"level":"info","message":"Opening player slot "}
{"message":"Game Server started on port 2567","level":"info"}
{"message":"Resolving slot","level":"info"}
{"message":"Player added","level":"info"}
{"message":"Asking for player","level":"info"}
{"level":"info","message":"Opening player slot "}
{"message":"Asking for player","level":"info"}
{"level":"info","message":"Opening player slot "}
{"message":"Resolving slot","level":"info"}
{"message":"Player added","level":"info"}
{"message":"Asking for player","level":"info"}
{"level":"info","message":"Opening player slot "}
{"message":"Starting pong","level":"info"}
{"message":"Asking for player","level":"info"}
{"level":"info","message":"Opening player slot "}
{"message":"Game Server started on port 2567","level":"info"}
{"message":"Asking for player","level":"info"}
{"level":"info","message":"Opening player slot "}
{"message":"Asking for player","level":"info"}
{"level":"info","message":"Opening player slot "}
{"message":"Resolving slot","level":"info"}
{"message":"Player added","level":"info"}
{"message":"Resolving slot","level":"info"}
{"message":"Player added","level":"info"}
{"message":"Asking for player","level":"info"}
{"level":"info","message":"Opening player slot "}
{"message":"Starting pong","level":"info"}
{"message":"Asking for player","level":"info"}
{"level":"info","message":"Opening player slot "}
{"message":"Game Server started on port 2567","level":"info"}
{"message":"Resolving slot","level":"info"}
{"message":"Player added","level":"info"}
{"message":"Asking for player","level":"info"}
{"level":"info","message":"Opening player slot "}
{"message":"Starting pong","level":"info"}
{"message":"Asking for player","level":"info"}
{"level":"info","message":"Opening player slot "}
{"message":"Game Server started on port 2567","level":"info"}
{"message":"Resolving slot","level":"info"}
{"message":"Player added","level":"info"}
{"level":"info","message":"Pong action!"}
{"level":"info","message":"Pong action!"}
{"level":"info","message":"Pong action!"}
{"message":"Asking for player","level":"info"}
{"message":"Player added","level":"info"}
{"level":"info","message":"Pong action!"}
{"message":"Asking for player","level":"info"}
{"level":"info","message":"Opening player slot "}
{"message":"Resolving slot","level":"info"}
{"message":"Player added","level":"info"}
{"level":"info","message":"Pong action!"}
{"message":"Asking for player","level":"info"}
{"level":"info","message":"Opening player slot "}
{"message":"Resolving slot","level":"info"}
{"message":"Player added","level":"info"}
{"message":"Asking for player","level":"info"}
{"level":"info","message":"Opening player slot "}
{"message":"Resolving slot","level":"info"}
{"message":"Player added","level":"info"}
{"level":"info","message":"Pong action!"}
{"message":"Asking for player","level":"info"}
{"level":"info","message":"Opening player slot "}
{"message":"Starting pong","level":"info"}
{"message":"Asking for player","level":"info"}
{"level":"info","message":"Opening player slot "}
{"message":"Game Server started on port 2567","level":"info"}
{"message":"Resolving slot","level":"info"}
{"message":"Player added","level":"info"}
{"message":"Pong action!game-ping2019-11-22T19:09:46.193Z","level":"info"}
{"message":"Pong action!game-ping2019-11-22T19:09:47.281Z","level":"info"}
{"message":"Pong action!game-ping2019-11-22T19:09:48.225Z","level":"info"}
{"message":"Pong action!game-ping2019-11-22T19:09:49.175Z","level":"info"}
{"message":"Pong action!game-ping2019-11-22T19:09:49.328Z","level":"info"}
{"message":"Pong action!game-ping2019-11-22T19:09:54.271Z","level":"info"}
{"message":"Asking for player","level":"info"}
{"level":"info","message":"Opening player slot "}
{"message":"Asking for player","level":"info"}
{"level":"info","message":"Opening player slot "}
{"message":"Asking for player","level":"info"}
{"level":"info","message":"Opening player slot "}
